<?xml version="1.0" encoding="UTF-8"?>
<testsuite name="com.day11.test.exception.MATest" tests="1" skipped="0" failures="0" errors="0" timestamp="2020-10-08T09:02:15" hostname="DESKTOP-9T3G1G1" time="0.008">
  <properties/>
  <testcase name="TestAnalyzeMood" classname="com.day11.test.exception.MATest" time="0.008"/>
  <system-out><![CDATA[]]></system-out>
  <system-err><![CDATA[]]></system-err>
</testsuite>
